2023-08-02 14:02:42,163 - INFO - test
2023-08-02 14:27:11,561 - INFO - kotori: entered the command: /character. Results: ```real name:                    ** kotori kotori **
height:                       ** 1 **
                
size:                         ** 1 **
age:                          ** 1 **
birthday:                     ** 1 **
bio:                          ** 1 **
                
username:                     ** kotori **                            cursor color: ** green **
                
level:                        ** 1 **
experience:                   ** 0 **
str: ** 5 ** def: ** 5 **spd: ** 5 **  dex: ** 5 **                   col: ** 100 **
                
class:                        ** class **
                
currently equipped weapon:    ** bronze one handed sword **
status:                       ** normal **
                
guild:                        ** guild **
sword arts:

** ,fishing **

unique skills:

** unique skills**
                
Proficiency Skills:

** one handed sword:1,fishing:1 **

inventory:

** herb:1,bronze one handed sword:1 **```
2023-08-02 14:28:41,140 - INFO - kotori: Command: /character. Results: ```real name:                    ** kotori kotori **
height:                       ** 1 **
                
size:                         ** 1 **
age:                          ** 1 **
birthday:                     ** 1 **
bio:                          ** 1 **
                
username:                     ** kotori **                            cursor color: ** green **
                
level:                        ** 1 **
experience:                   ** 0 **
str: ** 5 ** def: ** 5 **spd: ** 5 **  dex: ** 5 **                   col: ** 100 **
                
class:                        ** class **
                
currently equipped weapon:    ** bronze one handed sword **
status:                       ** normal **
                
guild:                        ** guild **
sword arts:

** ,fishing **

unique skills:

** unique skills**
                
Proficiency Skills:

** one handed sword:1,fishing:1 **

inventory:

** herb:1,bronze one handed sword:1 **```
2023-08-02 14:29:27,671 - INFO - kotori: Command: '/character'. Results: ```real name:                    ** kotori kotori **
height:                       ** 1 **
                
size:                         ** 1 **
age:                          ** 1 **
birthday:                     ** 1 **
bio:                          ** 1 **
                
username:                     ** kotori **                            cursor color: ** green **
                
level:                        ** 1 **
experience:                   ** 0 **
str: ** 5 ** def: ** 5 **spd: ** 5 **  dex: ** 5 **                   col: ** 100 **
                
class:                        ** class **
                
currently equipped weapon:    ** bronze one handed sword **
status:                       ** normal **
                
guild:                        ** guild **
sword arts:

** ,fishing **

unique skills:

** unique skills**
                
Proficiency Skills:

** one handed sword:1,fishing:1 **

inventory:

** herb:1,bronze one handed sword:1 **```
